Tue Feb 12 2019 17:51:06 GMT+0900 (DST): GET /about
Tue Feb 12 2019 17:52:04 GMT+0900 (DST): GET /about
Tue Feb 12 2019 19:07:48 GMT+0900 (DST): GET /about
Tue Feb 12 2019 19:08:02 GMT+0900 (DST): GET /about
Tue Feb 12 2019 19:11:02 GMT+0900 (DST): GET /about
Tue Feb 12 2019 19:11:07 GMT+0900 (DST): GET /
Tue Feb 12 2019 19:11:47 GMT+0900 (DST): GET /help.html
Wed Feb 13 2019 11:57:48 GMT+0900 (DST): GET /help.html
Wed Feb 13 2019 11:58:03 GMT+0900 (DST): GET /help.html
Wed Feb 13 2019 11:58:11 GMT+0900 (DST): GET /help.html
Wed Feb 13 2019 12:06:19 GMT+0900 (DST): GET /help.html
Wed Feb 13 2019 12:06:31 GMT+0900 (DST): GET /about
Wed Feb 13 2019 12:07:01 GMT+0900 (DST): GET /about
Wed Feb 13 2019 12:08:32 GMT+0900 (DST): GET /about
Wed Feb 13 2019 12:08:34 GMT+0900 (DST): GET /
Wed Feb 13 2019 12:08:35 GMT+0900 (DST): GET /about
Wed Feb 13 2019 12:08:36 GMT+0900 (DST): GET /
Wed Feb 13 2019 12:08:40 GMT+0900 (DST): GET /
Wed Feb 13 2019 12:08:41 GMT+0900 (DST): GET /about
Wed Feb 13 2019 12:08:52 GMT+0900 (DST): GET /
Wed Feb 13 2019 12:09:15 GMT+0900 (DST): GET /
Wed Feb 13 2019 12:09:40 GMT+0900 (DST): GET /
Wed Feb 13 2019 12:09:42 GMT+0900 (DST): GET /
Wed Feb 13 2019 12:09:56 GMT+0900 (DST): GET /
Wed Feb 13 2019 12:09:58 GMT+0900 (DST): GET /about
Wed Feb 13 2019 12:09:59 GMT+0900 (DST): GET /
Wed Feb 13 2019 12:10:09 GMT+0900 (DST): GET /
Wed Feb 13 2019 12:10:11 GMT+0900 (DST): GET /profile
Wed Feb 13 2019 12:10:12 GMT+0900 (DST): GET /about
Wed Feb 13 2019 12:10:13 GMT+0900 (DST): GET /home
Wed Feb 13 2019 12:10:17 GMT+0900 (DST): GET /home
Wed Feb 13 2019 12:10:42 GMT+0900 (DST): GET /home
Wed Feb 13 2019 12:10:44 GMT+0900 (DST): GET /
Wed Feb 13 2019 12:10:46 GMT+0900 (DST): GET /profile
Wed Feb 13 2019 12:10:47 GMT+0900 (DST): GET /about
Wed Feb 13 2019 12:10:48 GMT+0900 (DST): GET /home
